{"C:\\Users\\JudithRoxana\\LIM013-cipher\\src\\cipher.js": {"path":"C:\\Users\\JudithRoxana\\LIM013-cipher\\src\\cipher.js","statementMap":{"0":{"start":{"line":1,"column":15},"end":{"line":44,"column":1}},"1":{"start":{"line":3,"column":15},"end":{"line":3,"column":17}},"2":{"start":{"line":4,"column":4},"end":{"line":6,"column":5}},"3":{"start":{"line":5,"column":6},"end":{"line":5,"column":28}},"4":{"start":{"line":7,"column":4},"end":{"line":20,"column":3}},"5":{"start":{"line":7,"column":17},"end":{"line":7,"column":18}},"6":{"start":{"line":8,"column":19},"end":{"line":8,"column":39}},"7":{"start":{"line":9,"column":6},"end":{"line":18,"column":5}},"8":{"start":{"line":10,"column":22},"end":{"line":10,"column":65}},"9":{"start":{"line":11,"column":8},"end":{"line":11,"column":46}},"10":{"start":{"line":12,"column":13},"end":{"line":18,"column":5}},"11":{"start":{"line":13,"column":22},"end":{"line":13,"column":65}},"12":{"start":{"line":14,"column":8},"end":{"line":14,"column":46}},"13":{"start":{"line":17,"column":8},"end":{"line":17,"column":27}},"14":{"start":{"line":21,"column":4},"end":{"line":21,"column":18}},"15":{"start":{"line":25,"column":15},"end":{"line":25,"column":17}},"16":{"start":{"line":26,"column":4},"end":{"line":28,"column":5}},"17":{"start":{"line":27,"column":6},"end":{"line":27,"column":28}},"18":{"start":{"line":29,"column":4},"end":{"line":41,"column":5}},"19":{"start":{"line":29,"column":17},"end":{"line":29,"column":18}},"20":{"start":{"line":30,"column":19},"end":{"line":30,"column":39}},"21":{"start":{"line":31,"column":6},"end":{"line":40,"column":5}},"22":{"start":{"line":32,"column":22},"end":{"line":32,"column":67}},"23":{"start":{"line":33,"column":8},"end":{"line":33,"column":46}},"24":{"start":{"line":34,"column":13},"end":{"line":40,"column":5}},"25":{"start":{"line":35,"column":22},"end":{"line":35,"column":70}},"26":{"start":{"line":36,"column":8},"end":{"line":36,"column":46}},"27":{"start":{"line":39,"column":8},"end":{"line":39,"column":27}},"28":{"start":{"line":42,"column":4},"end":{"line":42,"column":18}}},"fnMap":{"0":{"name":"(anonymous_0)","decl":{"start":{"line":2,"column":11},"end":{"line":2,"column":12}},"loc":{"start":{"line":2,"column":29},"end":{"line":22,"column":3}},"line":2},"1":{"name":"(anonymous_1)","decl":{"start":{"line":24,"column":10},"end":{"line":24,"column":11}},"loc":{"start":{"line":24,"column":28},"end":{"line":43,"column":3}},"line":24}},"branchMap":{"0":{"loc":{"start":{"line":4,"column":4},"end":{"line":6,"column":5}},"type":"if","locations":[{"start":{"line":4,"column":4},"end":{"line":6,"column":5}},{"start":{"line":4,"column":4},"end":{"line":6,"column":5}}],"line":4},"1":{"loc":{"start":{"line":4,"column":8},"end":{"line":4,"column":35}},"type":"binary-expr","locations":[{"start":{"line":4,"column":8},"end":{"line":4,"column":21}},{"start":{"line":4,"column":25},"end":{"line":4,"column":35}}],"line":4},"2":{"loc":{"start":{"line":9,"column":6},"end":{"line":18,"column":5}},"type":"if","locations":[{"start":{"line":9,"column":6},"end":{"line":18,"column":5}},{"start":{"line":9,"column":6},"end":{"line":18,"column":5}}],"line":9},"3":{"loc":{"start":{"line":9,"column":10},"end":{"line":9,"column":38}},"type":"binary-expr","locations":[{"start":{"line":9,"column":10},"end":{"line":9,"column":22}},{"start":{"line":9,"column":26},"end":{"line":9,"column":38}}],"line":9},"4":{"loc":{"start":{"line":12,"column":13},"end":{"line":18,"column":5}},"type":"if","locations":[{"start":{"line":12,"column":13},"end":{"line":18,"column":5}},{"start":{"line":12,"column":13},"end":{"line":18,"column":5}}],"line":12},"5":{"loc":{"start":{"line":12,"column":17},"end":{"line":12,"column":46}},"type":"binary-expr","locations":[{"start":{"line":12,"column":17},"end":{"line":12,"column":29}},{"start":{"line":12,"column":33},"end":{"line":12,"column":46}}],"line":12},"6":{"loc":{"start":{"line":26,"column":4},"end":{"line":28,"column":5}},"type":"if","locations":[{"start":{"line":26,"column":4},"end":{"line":28,"column":5}},{"start":{"line":26,"column":4},"end":{"line":28,"column":5}}],"line":26},"7":{"loc":{"start":{"line":26,"column":8},"end":{"line":26,"column":35}},"type":"binary-expr","locations":[{"start":{"line":26,"column":8},"end":{"line":26,"column":21}},{"start":{"line":26,"column":25},"end":{"line":26,"column":35}}],"line":26},"8":{"loc":{"start":{"line":31,"column":6},"end":{"line":40,"column":5}},"type":"if","locations":[{"start":{"line":31,"column":6},"end":{"line":40,"column":5}},{"start":{"line":31,"column":6},"end":{"line":40,"column":5}}],"line":31},"9":{"loc":{"start":{"line":31,"column":10},"end":{"line":31,"column":38}},"type":"binary-expr","locations":[{"start":{"line":31,"column":10},"end":{"line":31,"column":22}},{"start":{"line":31,"column":26},"end":{"line":31,"column":38}}],"line":31},"10":{"loc":{"start":{"line":34,"column":13},"end":{"line":40,"column":5}},"type":"if","locations":[{"start":{"line":34,"column":13},"end":{"line":40,"column":5}},{"start":{"line":34,"column":13},"end":{"line":40,"column":5}}],"line":34},"11":{"loc":{"start":{"line":34,"column":17},"end":{"line":34,"column":46}},"type":"binary-expr","locations":[{"start":{"line":34,"column":17},"end":{"line":34,"column":29}},{"start":{"line":34,"column":33},"end":{"line":34,"column":46}}],"line":34}},"s":{"0":1,"1":10,"2":10,"3":6,"4":4,"5":4,"6":52,"7":52,"8":26,"9":26,"10":26,"11":26,"12":26,"13":0,"14":2,"15":2,"16":2,"17":0,"18":2,"19":2,"20":52,"21":52,"22":26,"23":26,"24":26,"25":26,"26":26,"27":0,"28":2},"f":{"0":10,"1":2},"b":{"0":[6,4],"1":[10,8],"2":[26,26],"3":[52,52],"4":[26,0],"5":[26,26],"6":[0,2],"7":[2,2],"8":[26,26],"9":[52,52],"10":[26,0],"11":[26,26]},"_coverageSchema":"43e27e138ebf9cfc5966b082cf9a028302ed4184","hash":"e7c031322ccf7ebbe9812e751bee7fe99c2b8556"}
}
