TN:
SF:C:\Users\JudithRoxana\LIM013-cipher\src\cipher.js
FN:2,(anonymous_0)
FN:24,(anonymous_1)
FNF:2
FNH:2
FNDA:10,(anonymous_0)
FNDA:2,(anonymous_1)
DA:1,1
DA:3,10
DA:4,10
DA:5,6
DA:7,4
DA:8,52
DA:9,52
DA:10,26
DA:11,26
DA:12,26
DA:13,26
DA:14,26
DA:17,0
DA:21,2
DA:25,2
DA:26,2
DA:27,0
DA:29,2
DA:30,52
DA:31,52
DA:32,26
DA:33,26
DA:34,26
DA:35,26
DA:36,26
DA:39,0
DA:42,2
LF:27
LH:24
BRDA:4,0,0,6
BRDA:4,0,1,4
BRDA:4,1,0,10
BRDA:4,1,1,8
BRDA:9,2,0,26
BRDA:9,2,1,26
BRDA:9,3,0,52
BRDA:9,3,1,52
BRDA:12,4,0,26
BRDA:12,4,1,0
BRDA:12,5,0,26
BRDA:12,5,1,26
BRDA:26,6,0,0
BRDA:26,6,1,2
BRDA:26,7,0,2
BRDA:26,7,1,2
BRDA:31,8,0,26
BRDA:31,8,1,26
BRDA:31,9,0,52
BRDA:31,9,1,52
BRDA:34,10,0,26
BRDA:34,10,1,0
BRDA:34,11,0,26
BRDA:34,11,1,26
BRF:24
BRH:21
end_of_record
